2026-06-22T01:16:27.510+0530 app=ecommerce level=INFO  logger=org.hibernate.validator.internal.util.Version thread=background-preinit trace= span= correlationId= msg="HV000001: Hibernate Validator 8.0.3.Final"
2026-06-22T01:16:27.560+0530 app=ecommerce level=INFO  logger=com.jazz.ecommerce.integration.CategoryControllerIntegrationTest thread=main trace= span= correlationId= msg="Starting CategoryControllerIntegrationTest using Java 21.0.10 with PID 8836 (started by jaisi in C:\Users\jaisi\IdeaProjects\ecommerce\backend)"
2026-06-22T01:16:27.561+0530 app=ecommerce level=INFO  logger=com.jazz.ecommerce.integration.CategoryControllerIntegrationTest thread=main trace= span= correlationId= msg="The following 1 profile is active: "test""
2026-06-22T01:16:28.526+0530 app=ecommerce level=INFO  logger=org.springframework.data.repository.config.RepositoryConfigurationDelegate thread=main trace= span= correlationId= msg="Bootstrapping Spring Data JPA repositories in DEFAULT mode."
2026-06-22T01:16:28.606+0530 app=ecommerce level=INFO  logger=org.springframework.data.repository.config.RepositoryConfigurationDelegate thread=main trace= span= correlationId= msg="Finished Spring Data repository scanning in 69 ms. Found 6 JPA repository interfaces."
2026-06-22T01:16:29.347+0530 app=ecommerce level=INFO  logger=org.springframework.boot.web.embedded.tomcat.TomcatWebServer thread=main trace= span= correlationId= msg="Tomcat initialized with port 0 (http)"
2026-06-22T01:16:29.364+0530 app=ecommerce level=INFO  logger=org.apache.coyote.http11.Http11NioProtocol thread=main trace= span= correlationId= msg="Initializing ProtocolHandler ["http-nio-auto-1"]"
2026-06-22T01:16:29.367+0530 app=ecommerce level=INFO  logger=org.apache.catalina.core.StandardService thread=main trace= span= correlationId= msg="Starting service [Tomcat]"
2026-06-22T01:16:29.367+0530 app=ecommerce level=INFO  logger=org.apache.catalina.core.StandardEngine thread=main trace= span= correlationId= msg="Starting Servlet engine: [Apache Tomcat/10.1.49]"
2026-06-22T01:16:29.430+0530 app=ecommerce level=INFO  logger=org.apache.catalina.core.ContainerBase.[Tomcat].[localhost].[/] thread=main trace= span= correlationId= msg="Initializing Spring embedded WebApplicationContext"
2026-06-22T01:16:29.431+0530 app=ecommerce level=INFO  logger=org.springframework.boot.web.servlet.context.ServletWebServerApplicationContext thread=main trace= span= correlationId= msg="Root WebApplicationContext: initialization completed in 1860 ms"
2026-06-22T01:16:29.761+0530 app=ecommerce level=INFO  logger=com.zaxxer.hikari.HikariDataSource thread=main trace= span= correlationId= msg="HikariPool-1 - Starting..."
2026-06-22T01:16:29.904+0530 app=ecommerce level=INFO  logger=com.zaxxer.hikari.pool.HikariPool thread=main trace= span= correlationId= msg="HikariPool-1 - Added connection org.postgresql.jdbc.PgConnection@758655a9"
2026-06-22T01:16:29.906+0530 app=ecommerce level=INFO  logger=com.zaxxer.hikari.HikariDataSource thread=main trace= span= correlationId= msg="HikariPool-1 - Start completed."
2026-06-22T01:16:29.929+0530 app=ecommerce level=INFO  logger=org.flywaydb.core.FlywayExecutor thread=main trace= span= correlationId= msg="Database: jdbc:postgresql://localhost:51348/test?loggerLevel=OFF (PostgreSQL 15.18)"
2026-06-22T01:16:29.965+0530 app=ecommerce level=INFO  logger=org.flywaydb.core.internal.schemahistory.JdbcTableSchemaHistory thread=main trace= span= correlationId= msg="Schema history table "public"."flyway_schema_history" does not exist yet"
2026-06-22T01:16:29.969+0530 app=ecommerce level=INFO  logger=org.flywaydb.core.internal.command.DbValidate thread=main trace= span= correlationId= msg="Successfully validated 6 migrations (execution time 00:00.018s)"
2026-06-22T01:16:29.994+0530 app=ecommerce level=INFO  logger=org.flywaydb.core.internal.schemahistory.JdbcTableSchemaHistory thread=main trace= span= correlationId= msg="Creating Schema History table "public"."flyway_schema_history" ..."
2026-06-22T01:16:30.040+0530 app=ecommerce level=INFO  logger=org.flywaydb.core.internal.command.DbMigrate thread=main trace= span= correlationId= msg="Current version of schema "public": << Empty Schema >>"
2026-06-22T01:16:30.051+0530 app=ecommerce level=INFO  logger=org.flywaydb.core.internal.command.DbMigrate thread=main trace= span= correlationId= msg="Migrating schema "public" to version "1 - init schema""
2026-06-22T01:16:30.090+0530 app=ecommerce level=INFO  logger=org.flywaydb.core.internal.command.DbMigrate thread=main trace= span= correlationId= msg="Migrating schema "public" to version "2 - seed users""
2026-06-22T01:16:30.109+0530 app=ecommerce level=INFO  logger=org.flywaydb.core.internal.command.DbMigrate thread=main trace= span= correlationId= msg="Migrating schema "public" to version "3 - seed products""
2026-06-22T01:16:30.137+0530 app=ecommerce level=INFO  logger=org.flywaydb.core.internal.command.DbMigrate thread=main trace= span= correlationId= msg="Migrating schema "public" to version "4 - Create Category Schema""
2026-06-22T01:16:30.158+0530 app=ecommerce level=INFO  logger=org.flywaydb.core.internal.command.DbMigrate thread=main trace= span= correlationId= msg="Migrating schema "public" to version "5 - Create Order Schema""
2026-06-22T01:16:30.179+0530 app=ecommerce level=INFO  logger=org.flywaydb.core.internal.command.DbMigrate thread=main trace= span= correlationId= msg="Migrating schema "public" to version "6 - Add Names To Users""
2026-06-22T01:16:30.190+0530 app=ecommerce level=INFO  logger=org.flywaydb.core.internal.command.DbMigrate thread=main trace= span= correlationId= msg="Successfully applied 6 migrations to schema "public", now at version v6 (execution time 00:00.067s)"
2026-06-22T01:16:30.308+0530 app=ecommerce level=INFO  logger=org.hibernate.jpa.internal.util.LogHelper thread=main trace= span= correlationId= msg="HHH000204: Processing PersistenceUnitInfo [name: default]"
2026-06-22T01:16:30.369+0530 app=ecommerce level=INFO  logger=org.hibernate.Version thread=main trace= span= correlationId= msg="HHH000412: Hibernate ORM core version 6.6.36.Final"
2026-06-22T01:16:30.412+0530 app=ecommerce level=INFO  logger=org.hibernate.cache.internal.RegionFactoryInitiator thread=main trace= span= correlationId= msg="HHH000026: Second-level cache disabled"
2026-06-22T01:16:30.646+0530 app=ecommerce level=INFO  logger=org.springframework.orm.jpa.persistenceunit.SpringPersistenceUnitInfo thread=main trace= span= correlationId= msg="No LoadTimeWeaver setup: ignoring JPA class transformer"
2026-06-22T01:16:30.694+0530 app=ecommerce level=WARN  logger=org.hibernate.orm.deprecation thread=main trace= span= correlationId= msg="HHH90000025: PostgreSQLDialect does not need to be specified explicitly using 'hibernate.dialect' (remove the property setting and it will be selected by default)"
2026-06-22T01:16:30.707+0530 app=ecommerce level=INFO  logger=org.hibernate.orm.connections.pooling thread=main trace= span= correlationId= msg="HHH10001005: Database info:
	Database JDBC URL [Connecting through datasource 'HikariDataSource (HikariPool-1)']
	Database driver: undefined/unknown
	Database version: 15.18
	Autocommit mode: undefined/unknown
	Isolation level: undefined/unknown
	Minimum pool size: undefined/unknown
	Maximum pool size: undefined/unknown"
2026-06-22T01:16:31.499+0530 app=ecommerce level=INFO  logger=org.hibernate.engine.transaction.jta.platform.internal.JtaPlatformInitiator thread=main trace= span= correlationId= msg="HHH000489: No JTA platform available (set 'hibernate.transaction.jta.platform' to enable JTA platform integration)"
2026-06-22T01:16:31.501+0530 app=ecommerce level=INFO  logger=org.springframework.orm.jpa.LocalContainerEntityManagerFactoryBean thread=main trace= span= correlationId= msg="Initialized JPA EntityManagerFactory for persistence unit 'default'"
2026-06-22T01:16:31.792+0530 app=ecommerce level=INFO  logger=org.springframework.security.config.annotation.authentication.configuration.InitializeAuthenticationProviderBeanManagerConfigurer$InitializeAuthenticationProviderManagerConfigurer thread=main trace= span= correlationId= msg="Global AuthenticationManager configured with AuthenticationProvider bean with name authenticationProvider"
2026-06-22T01:16:31.793+0530 app=ecommerce level=WARN  logger=org.springframework.security.config.annotation.authentication.configuration.InitializeUserDetailsBeanManagerConfigurer$InitializeUserDetailsManagerConfigurer thread=main trace= span= correlationId= msg="Global AuthenticationManager configured with an AuthenticationProvider bean. UserDetailsService beans will not be used by Spring Security for automatically configuring username/password login. Consider removing the AuthenticationProvider bean. Alternatively, consider using the UserDetailsService in a manually instantiated DaoAuthenticationProvider. If the current configuration is intentional, to turn off this warning, increase the logging level of 'org.springframework.security.config.annotation.authentication.configuration.InitializeUserDetailsBeanManagerConfigurer' to ERROR"
2026-06-22T01:16:31.887+0530 app=ecommerce level=INFO  logger=org.springframework.data.jpa.repository.query.QueryEnhancerFactory thread=main trace= span= correlationId= msg="Hibernate is in classpath; If applicable, HQL parser will be used."
2026-06-22T01:16:32.387+0530 app=ecommerce level=WARN  logger=org.springframework.boot.autoconfigure.orm.jpa.JpaBaseConfiguration$JpaWebConfiguration thread=main trace= span= correlationId= msg="spring.jpa.open-in-view is enabled by default. Therefore, database queries may be performed during view rendering. Explicitly configure spring.jpa.open-in-view to disable this warning"
2026-06-22T01:16:32.704+0530 app=ecommerce level=INFO  logger=org.springframework.boot.actuate.endpoint.web.EndpointLinksResolver thread=main trace= span= correlationId= msg="Exposing 2 endpoints beneath base path '/actuator'"
2026-06-22T01:16:33.110+0530 app=ecommerce level=INFO  logger=org.apache.catalina.core.ContainerBase.[Tomcat].[localhost].[/] thread=main trace= span= correlationId= msg="Initializing Spring TestDispatcherServlet ''"
2026-06-22T01:16:33.110+0530 app=ecommerce level=INFO  logger=org.springframework.test.web.servlet.TestDispatcherServlet thread=main trace= span= correlationId= msg="Initializing Servlet ''"
2026-06-22T01:16:33.112+0530 app=ecommerce level=INFO  logger=org.springframework.test.web.servlet.TestDispatcherServlet thread=main trace= span= correlationId= msg="Completed initialization in 2 ms"
2026-06-22T01:16:33.271+0530 app=ecommerce level=INFO  logger=org.apache.coyote.http11.Http11NioProtocol thread=main trace= span= correlationId= msg="Starting ProtocolHandler ["http-nio-auto-1"]"
2026-06-22T01:16:33.280+0530 app=ecommerce level=INFO  logger=org.springframework.boot.web.embedded.tomcat.TomcatWebServer thread=main trace= span= correlationId= msg="Tomcat started on port 51619 (http) with context path '/'"
2026-06-22T01:16:33.289+0530 app=ecommerce level=INFO  logger=com.jazz.ecommerce.integration.CategoryControllerIntegrationTest thread=main trace= span= correlationId= msg="Started CategoryControllerIntegrationTest in 6.142 seconds (process running for 28.354)"
2026-06-22T01:16:33.906+0530 app=ecommerce level=INFO  logger=org.springframework.test.context.support.AnnotationConfigContextLoaderUtils thread=main trace= span= correlationId= msg="Could not detect default configuration classes for test class [com.jazz.ecommerce.integration.EcommerceApplicationTests]: EcommerceApplicationTests does not declare any static, non-private, non-final, nested classes annotated with @Configuration."
2026-06-22T01:16:33.909+0530 app=ecommerce level=INFO  logger=org.springframework.boot.test.context.SpringBootTestContextBootstrapper thread=main trace= span= correlationId= msg="Found @SpringBootConfiguration com.jazz.ecommerce.EcommerceApplication for test class com.jazz.ecommerce.integration.EcommerceApplicationTests"
2026-06-22T01:16:33.920+0530 app=ecommerce level=INFO  logger=org.springframework.test.context.support.AnnotationConfigContextLoaderUtils thread=main trace= span= correlationId= msg="Could not detect default configuration classes for test class [com.jazz.ecommerce.integration.OrderControllerIntegrationTest]: OrderControllerIntegrationTest does not declare any static, non-private, non-final, nested classes annotated with @Configuration."
2026-06-22T01:16:33.923+0530 app=ecommerce level=INFO  logger=org.springframework.boot.test.context.SpringBootTestContextBootstrapper thread=main trace= span= correlationId= msg="Found @SpringBootConfiguration com.jazz.ecommerce.EcommerceApplication for test class com.jazz.ecommerce.integration.OrderControllerIntegrationTest"
2026-06-22T01:16:34.037+0530 app=ecommerce level=INFO  logger=org.springframework.test.context.support.AnnotationConfigContextLoaderUtils thread=main trace= span= correlationId= msg="Could not detect default configuration classes for test class [com.jazz.ecommerce.integration.ProductControllerIntegrationTest]: ProductControllerIntegrationTest does not declare any static, non-private, non-final, nested classes annotated with @Configuration."
2026-06-22T01:16:34.039+0530 app=ecommerce level=INFO  logger=org.springframework.boot.test.context.SpringBootTestContextBootstrapper thread=main trace= span= correlationId= msg="Found @SpringBootConfiguration com.jazz.ecommerce.EcommerceApplication for test class com.jazz.ecommerce.integration.ProductControllerIntegrationTest"
2026-06-22T01:16:34.542+0530 app=ecommerce level=INFO  logger=com.jazz.ecommerce.service.AuthenticationService thread=main trace= span= correlationId= msg="Attempting to authenticate user: nouser@example.com"
2026-06-22T01:16:34.543+0530 app=ecommerce level=INFO  logger=com.jazz.ecommerce.service.AuthenticationService thread=main trace= span= correlationId= msg="User nouser@example.com authenticated successfully"
2026-06-22T01:16:34.603+0530 app=ecommerce level=INFO  logger=com.jazz.ecommerce.service.AuthenticationService thread=main trace= span= correlationId= msg="Attempting to authenticate user: test@example.com"
2026-06-22T01:16:34.603+0530 app=ecommerce level=INFO  logger=com.jazz.ecommerce.service.AuthenticationService thread=main trace= span= correlationId= msg="User test@example.com authenticated successfully"
2026-06-22T01:16:34.603+0530 app=ecommerce level=INFO  logger=com.jazz.ecommerce.service.AuthenticationService thread=main trace= span= correlationId= msg="Generated access token for user test@example.com"
2026-06-22T01:16:34.604+0530 app=ecommerce level=INFO  logger=com.jazz.ecommerce.service.AuthenticationService thread=main trace= span= correlationId= msg="Generated refresh token for user test@example.com"
2026-06-22T01:16:34.926+0530 app=ecommerce level=INFO  logger=org.springframework.boot.web.embedded.tomcat.GracefulShutdown thread=SpringApplicationShutdownHook trace= span= correlationId= msg="Commencing graceful shutdown. Waiting for active requests to complete"
2026-06-22T01:16:34.930+0530 app=ecommerce level=INFO  logger=org.springframework.boot.web.embedded.tomcat.GracefulShutdown thread=tomcat-shutdown trace= span= correlationId= msg="Graceful shutdown complete"
2026-06-22T01:16:34.935+0530 app=ecommerce level=INFO  logger=org.springframework.orm.jpa.LocalContainerEntityManagerFactoryBean thread=SpringApplicationShutdownHook trace= span= correlationId= msg="Closing JPA EntityManagerFactory for persistence unit 'default'"
2026-06-22T01:16:34.942+0530 app=ecommerce level=INFO  logger=com.zaxxer.hikari.HikariDataSource thread=SpringApplicationShutdownHook trace= span= correlationId= msg="HikariPool-1 - Shutdown initiated..."
2026-06-22T01:16:34.948+0530 app=ecommerce level=INFO  logger=com.zaxxer.hikari.HikariDataSource thread=SpringApplicationShutdownHook trace= span= correlationId= msg="HikariPool-1 - Shutdown completed."
